# Logfile created on 2015-11-23 17:44:26 +0100 by logger.rb/47272
D, [2015-11-23T19:42:05.738873 #13120] DEBUG -- : DRAGONFLY: shell command: '/usr/local/bin/convert' '/Users/cedriclor/code/CedricLor/CAFRFC/Site/public/images/china_bridge.jpg' '-resize' '400x' '/var/folders/2b/34sqn8dj6_j2bwzf371n7kfm0000gn/T/dragonfly20151123-13120-rxee17.jpg'
I, [2015-11-23T19:42:06.243478 #13120]  INFO -- : DRAGONFLY: GET /steam/dynamic/W1siZmYiLCIvVXNlcnMvY2VkcmljbG9yL2NvZGUvQ2VkcmljTG9yL0NBRlJGQy9TaXRlL3B1YmxpYy9pbWFnZXMvY2hpbmFfYnJpZGdlLmpwZyJdLFsicCIsInRodW1iIiwiNDAweCJdXQ/8bba1b9dc20e6bb8/china_bridge.jpg 200
I, [2015-11-23T19:43:01.557926 #13120]  INFO -- : DRAGONFLY: GET /steam/dynamic/W1siZmYiLCIvVXNlcnMvY2VkcmljbG9yL2NvZGUvQ2VkcmljTG9yL0NBRlJGQy9TaXRlL3B1YmxpYy9pbWFnZXMvY2hpbmFfYnJpZGdlLmpwZyJdLFsicCIsInRodW1iIiwiNDAweCJdXQ/8bba1b9dc20e6bb8/china_bridge.jpg 304
D, [2015-11-23T20:13:04.269658 #13120] DEBUG -- : DRAGONFLY: shell command: '/usr/local/bin/convert' '/Users/cedriclor/code/CedricLor/CAFRFC/Site/public/images/gyeongbokgung-full.jpg' '-resize' '800x' '/var/folders/2b/34sqn8dj6_j2bwzf371n7kfm0000gn/T/dragonfly20151123-13120-8diyr4.jpg'
W, [2015-11-23T20:13:04.407280 #13120]  WARN -- : DRAGONFLY: caught error - Command failed ('/usr/local/bin/convert' '/Users/cedriclor/code/CedricLor/CAFRFC/Site/public/images/gyeongbokgung-full.jpg' '-resize' '800x' '/var/folders/2b/34sqn8dj6_j2bwzf371n7kfm0000gn/T/dragonfly20151123-13120-8diyr4.jpg') with exit status 1 and stderr convert: unable to open image `/Users/cedriclor/code/CedricLor/CAFRFC/Site/public/images/gyeongbokgung-full.jpg': No such file or directory @ error/blob.c/OpenBlob/2701.
convert: no images defined `/var/folders/2b/34sqn8dj6_j2bwzf371n7kfm0000gn/T/dragonfly20151123-13120-8diyr4.jpg' @ error/convert.c/ConvertImageCommand/3241.

I, [2015-11-23T20:13:04.407505 #13120]  INFO -- : DRAGONFLY: GET /steam/dynamic/W1siZmYiLCIvVXNlcnMvY2VkcmljbG9yL2NvZGUvQ2VkcmljTG9yL0NBRlJGQy9TaXRlL3B1YmxpYy9pbWFnZXMvZ3llb25nYm9rZ3VuZy1mdWxsLmpwZyJdLFsicCIsInRodW1iIiwiODAweCJdXQ/9cedeeafd4ecd70e/gyeongbokgung-full.jpg 500
D, [2015-11-23T20:13:57.332729 #13120] DEBUG -- : DRAGONFLY: shell command: '/usr/local/bin/convert' '/Users/cedriclor/code/CedricLor/CAFRFC/Site/public/images/gyeongbokgung-full.jpg' '-resize' '800x' '/var/folders/2b/34sqn8dj6_j2bwzf371n7kfm0000gn/T/dragonfly20151123-13120-qk9l8v.jpg'
W, [2015-11-23T20:13:57.435311 #13120]  WARN -- : DRAGONFLY: caught error - Command failed ('/usr/local/bin/convert' '/Users/cedriclor/code/CedricLor/CAFRFC/Site/public/images/gyeongbokgung-full.jpg' '-resize' '800x' '/var/folders/2b/34sqn8dj6_j2bwzf371n7kfm0000gn/T/dragonfly20151123-13120-qk9l8v.jpg') with exit status 1 and stderr convert: unable to open image `/Users/cedriclor/code/CedricLor/CAFRFC/Site/public/images/gyeongbokgung-full.jpg': No such file or directory @ error/blob.c/OpenBlob/2701.
convert: no images defined `/var/folders/2b/34sqn8dj6_j2bwzf371n7kfm0000gn/T/dragonfly20151123-13120-qk9l8v.jpg' @ error/convert.c/ConvertImageCommand/3241.

I, [2015-11-23T20:13:57.435517 #13120]  INFO -- : DRAGONFLY: GET /steam/dynamic/W1siZmYiLCIvVXNlcnMvY2VkcmljbG9yL2NvZGUvQ2VkcmljTG9yL0NBRlJGQy9TaXRlL3B1YmxpYy9pbWFnZXMvZ3llb25nYm9rZ3VuZy1mdWxsLmpwZyJdLFsicCIsInRodW1iIiwiODAweCJdXQ/9cedeeafd4ecd70e/gyeongbokgung-full.jpg 500
D, [2015-11-23T20:15:13.801419 #13120] DEBUG -- : DRAGONFLY: shell command: '/usr/local/bin/convert' '/Users/cedriclor/code/CedricLor/CAFRFC/Site/public/images/gyeongbokgung-full.jpg' '-resize' '800x' '/var/folders/2b/34sqn8dj6_j2bwzf371n7kfm0000gn/T/dragonfly20151123-13120-1p2y6ia.jpg'
W, [2015-11-23T20:15:13.818636 #13120]  WARN -- : DRAGONFLY: caught error - Command failed ('/usr/local/bin/convert' '/Users/cedriclor/code/CedricLor/CAFRFC/Site/public/images/gyeongbokgung-full.jpg' '-resize' '800x' '/var/folders/2b/34sqn8dj6_j2bwzf371n7kfm0000gn/T/dragonfly20151123-13120-1p2y6ia.jpg') with exit status 1 and stderr convert: unable to open image `/Users/cedriclor/code/CedricLor/CAFRFC/Site/public/images/gyeongbokgung-full.jpg': No such file or directory @ error/blob.c/OpenBlob/2701.
convert: no images defined `/var/folders/2b/34sqn8dj6_j2bwzf371n7kfm0000gn/T/dragonfly20151123-13120-1p2y6ia.jpg' @ error/convert.c/ConvertImageCommand/3241.

I, [2015-11-23T20:15:13.818823 #13120]  INFO -- : DRAGONFLY: GET /steam/dynamic/W1siZmYiLCIvVXNlcnMvY2VkcmljbG9yL2NvZGUvQ2VkcmljTG9yL0NBRlJGQy9TaXRlL3B1YmxpYy9pbWFnZXMvZ3llb25nYm9rZ3VuZy1mdWxsLmpwZyJdLFsicCIsInRodW1iIiwiODAweCJdXQ/9cedeeafd4ecd70e/gyeongbokgung-full.jpg 500
D, [2015-11-23T20:15:17.789036 #13120] DEBUG -- : DRAGONFLY: shell command: '/usr/local/bin/convert' '/Users/cedriclor/code/CedricLor/CAFRFC/Site/public/images/gyeongbokgung-full.jpg' '-resize' '800x' '/var/folders/2b/34sqn8dj6_j2bwzf371n7kfm0000gn/T/dragonfly20151123-13120-jo63n6.jpg'
W, [2015-11-23T20:15:17.804940 #13120]  WARN -- : DRAGONFLY: caught error - Command failed ('/usr/local/bin/convert' '/Users/cedriclor/code/CedricLor/CAFRFC/Site/public/images/gyeongbokgung-full.jpg' '-resize' '800x' '/var/folders/2b/34sqn8dj6_j2bwzf371n7kfm0000gn/T/dragonfly20151123-13120-jo63n6.jpg') with exit status 1 and stderr convert: unable to open image `/Users/cedriclor/code/CedricLor/CAFRFC/Site/public/images/gyeongbokgung-full.jpg': No such file or directory @ error/blob.c/OpenBlob/2701.
convert: no images defined `/var/folders/2b/34sqn8dj6_j2bwzf371n7kfm0000gn/T/dragonfly20151123-13120-jo63n6.jpg' @ error/convert.c/ConvertImageCommand/3241.

I, [2015-11-23T20:15:17.805129 #13120]  INFO -- : DRAGONFLY: GET /steam/dynamic/W1siZmYiLCIvVXNlcnMvY2VkcmljbG9yL2NvZGUvQ2VkcmljTG9yL0NBRlJGQy9TaXRlL3B1YmxpYy9pbWFnZXMvZ3llb25nYm9rZ3VuZy1mdWxsLmpwZyJdLFsicCIsInRodW1iIiwiODAweCJdXQ/9cedeeafd4ecd70e/gyeongbokgung-full.jpg 500
I, [2015-11-23T20:16:01.012952 #13120]  INFO -- : DRAGONFLY: GET /steam/dynamic/W1siZmYiLCIvVXNlcnMvY2VkcmljbG9yL2NvZGUvQ2VkcmljTG9yL0NBRlJGQy9TaXRlL3B1YmxpYy9pbWFnZXMvY2hpbmFfYnJpZGdlLmpwZyJdLFsicCIsInRodW1iIiwiNDAweCJdXQ/8bba1b9dc20e6bb8/china_bridge.jpg 304
D, [2015-11-23T20:16:04.801339 #13120] DEBUG -- : DRAGONFLY: shell command: '/usr/local/bin/convert' '/Users/cedriclor/code/CedricLor/CAFRFC/Site/public/images/gyeongbokgung-full.jpg' '-resize' '800x' '/var/folders/2b/34sqn8dj6_j2bwzf371n7kfm0000gn/T/dragonfly20151123-13120-a2effi.jpg'
W, [2015-11-23T20:16:04.823537 #13120]  WARN -- : DRAGONFLY: caught error - Command failed ('/usr/local/bin/convert' '/Users/cedriclor/code/CedricLor/CAFRFC/Site/public/images/gyeongbokgung-full.jpg' '-resize' '800x' '/var/folders/2b/34sqn8dj6_j2bwzf371n7kfm0000gn/T/dragonfly20151123-13120-a2effi.jpg') with exit status 1 and stderr convert: unable to open image `/Users/cedriclor/code/CedricLor/CAFRFC/Site/public/images/gyeongbokgung-full.jpg': No such file or directory @ error/blob.c/OpenBlob/2701.
convert: no images defined `/var/folders/2b/34sqn8dj6_j2bwzf371n7kfm0000gn/T/dragonfly20151123-13120-a2effi.jpg' @ error/convert.c/ConvertImageCommand/3241.

I, [2015-11-23T20:16:04.823743 #13120]  INFO -- : DRAGONFLY: GET /steam/dynamic/W1siZmYiLCIvVXNlcnMvY2VkcmljbG9yL2NvZGUvQ2VkcmljTG9yL0NBRlJGQy9TaXRlL3B1YmxpYy9pbWFnZXMvZ3llb25nYm9rZ3VuZy1mdWxsLmpwZyJdLFsicCIsInRodW1iIiwiODAweCJdXQ/9cedeeafd4ecd70e/gyeongbokgung-full.jpg 500
D, [2015-11-23T20:17:29.385564 #13120] DEBUG -- : DRAGONFLY: shell command: '/usr/local/bin/convert' '/Users/cedriclor/code/CedricLor/CAFRFC/Site/public/images/gyeongbokgung-full.jpg' '-resize' '800x' '/var/folders/2b/34sqn8dj6_j2bwzf371n7kfm0000gn/T/dragonfly20151123-13120-1x9pl9b.jpg'
W, [2015-11-23T20:17:29.402673 #13120]  WARN -- : DRAGONFLY: caught error - Command failed ('/usr/local/bin/convert' '/Users/cedriclor/code/CedricLor/CAFRFC/Site/public/images/gyeongbokgung-full.jpg' '-resize' '800x' '/var/folders/2b/34sqn8dj6_j2bwzf371n7kfm0000gn/T/dragonfly20151123-13120-1x9pl9b.jpg') with exit status 1 and stderr convert: unable to open image `/Users/cedriclor/code/CedricLor/CAFRFC/Site/public/images/gyeongbokgung-full.jpg': No such file or directory @ error/blob.c/OpenBlob/2701.
convert: no images defined `/var/folders/2b/34sqn8dj6_j2bwzf371n7kfm0000gn/T/dragonfly20151123-13120-1x9pl9b.jpg' @ error/convert.c/ConvertImageCommand/3241.

I, [2015-11-23T20:17:29.402845 #13120]  INFO -- : DRAGONFLY: GET /steam/dynamic/W1siZmYiLCIvVXNlcnMvY2VkcmljbG9yL2NvZGUvQ2VkcmljTG9yL0NBRlJGQy9TaXRlL3B1YmxpYy9pbWFnZXMvZ3llb25nYm9rZ3VuZy1mdWxsLmpwZyJdLFsicCIsInRodW1iIiwiODAweCJdXQ/9cedeeafd4ecd70e/gyeongbokgung-full.jpg 500
D, [2015-11-23T20:18:55.009560 #13120] DEBUG -- : DRAGONFLY: shell command: '/usr/local/bin/convert' '/Users/cedriclor/code/CedricLor/CAFRFC/Site/public/images/china_bridge.jpg' '-resize' '800x' '/var/folders/2b/34sqn8dj6_j2bwzf371n7kfm0000gn/T/dragonfly20151123-13120-fuj5wi.jpg'
I, [2015-11-23T20:18:55.406117 #13120]  INFO -- : DRAGONFLY: GET /steam/dynamic/W1siZmYiLCIvVXNlcnMvY2VkcmljbG9yL2NvZGUvQ2VkcmljTG9yL0NBRlJGQy9TaXRlL3B1YmxpYy9pbWFnZXMvY2hpbmFfYnJpZGdlLmpwZyJdLFsicCIsInRodW1iIiwiODAweCJdXQ/729be9e28ddff180/china_bridge.jpg 200
D, [2015-11-23T21:01:27.925449 #13120] DEBUG -- : DRAGONFLY: shell command: '/usr/local/bin/convert' '/Users/cedriclor/code/CedricLor/CAFRFC/Site/public/images/china_bridge.jpg' '-resize' '1000x' '/var/folders/2b/34sqn8dj6_j2bwzf371n7kfm0000gn/T/dragonfly20151123-13120-1kf39k.jpg'
I, [2015-11-23T21:01:28.485510 #13120]  INFO -- : DRAGONFLY: GET /steam/dynamic/W1siZmYiLCIvVXNlcnMvY2VkcmljbG9yL2NvZGUvQ2VkcmljTG9yL0NBRlJGQy9TaXRlL3B1YmxpYy9pbWFnZXMvY2hpbmFfYnJpZGdlLmpwZyJdLFsicCIsInRodW1iIiwiMTAwMHgiXV0/3065a4b2e9fde369/china_bridge.jpg 200
D, [2015-11-23T21:05:05.540881 #13120] DEBUG -- : DRAGONFLY: shell command: '/usr/local/bin/convert' '/Users/cedriclor/code/CedricLor/CAFRFC/Site/public/images/china_bridge.jpg' '-resize' '800x400^^' '-gravity' 'Center' '-crop' '800x400+0+0' '+repage' '/var/folders/2b/34sqn8dj6_j2bwzf371n7kfm0000gn/T/dragonfly20151123-13120-1gehy3z.jpg'
I, [2015-11-23T21:05:06.083081 #13120]  INFO -- : DRAGONFLY: GET /steam/dynamic/W1siZmYiLCIvVXNlcnMvY2VkcmljbG9yL2NvZGUvQ2VkcmljTG9yL0NBRlJGQy9TaXRlL3B1YmxpYy9pbWFnZXMvY2hpbmFfYnJpZGdlLmpwZyJdLFsicCIsInRodW1iIiwiODAweDQwMCMiXV0/09bc3a4151705981/china_bridge.jpg 200
D, [2015-11-23T21:06:09.406996 #13120] DEBUG -- : DRAGONFLY: shell command: '/usr/local/bin/convert' '/Users/cedriclor/code/CedricLor/CAFRFC/Site/public/images/china_bridge.jpg' '-resize' '800x450^^' '-gravity' 'Center' '-crop' '800x450+0+0' '+repage' '/var/folders/2b/34sqn8dj6_j2bwzf371n7kfm0000gn/T/dragonfly20151123-13120-1pgqkay.jpg'
I, [2015-11-23T21:06:09.892165 #13120]  INFO -- : DRAGONFLY: GET /steam/dynamic/W1siZmYiLCIvVXNlcnMvY2VkcmljbG9yL2NvZGUvQ2VkcmljTG9yL0NBRlJGQy9TaXRlL3B1YmxpYy9pbWFnZXMvY2hpbmFfYnJpZGdlLmpwZyJdLFsicCIsInRodW1iIiwiODAweDQ1MCMiXV0/4f958432391d29c7/china_bridge.jpg 200
I, [2015-11-23T21:06:54.307281 #19686]  INFO -- : DRAGONFLY: GET /steam/dynamic/W1siZmYiLCIvVXNlcnMvY2VkcmljbG9yL2NvZGUvQ2VkcmljTG9yL0NBRlJGQy9TaXRlL3B1YmxpYy9pbWFnZXMvY2hpbmFfYnJpZGdlLmpwZyJdLFsicCIsInRodW1iIiwiODAweDQ1MCMiXV0/4f958432391d29c7/china_bridge.jpg 304
I, [2015-11-23T21:06:54.446998 #19686]  INFO -- : DRAGONFLY: GET /steam/dynamic/W1siZmYiLCIvVXNlcnMvY2VkcmljbG9yL2NvZGUvQ2VkcmljTG9yL0NBRlJGQy9TaXRlL3B1YmxpYy9pbWFnZXMvY2hpbmFfYnJpZGdlLmpwZyJdLFsicCIsInRodW1iIiwiODAweCJdXQ/729be9e28ddff180/china_bridge.jpg 304
